Logging started at 2024-11-30T13:20:13.224869Z
[authlib-injector] [INFO] Version: 1.2.5
[authlib-injector] [INFO] Authentication server: http://120.24.193.170:20001/api/yggdrasil/
[authlib-injector] [WARNING] You are using HTTP protocol, which is INSECURE! Please switch to HTTPS if possible.
[authlib-injector] [INFO] Transformed [net.minecraft.client.main.Main] with [Main Arguments Transformer]
[authlib-injector] [INFO] Transformed [com.mojang.authlib.properties.Property] with [Yggdrasil Public Key Transformer]
[authlib-injector] [INFO] Transformed [net.minecraft.client.main.Main] with [Main Arguments Transformer]
[authlib-injector] [INFO] Httpd is running on port 9308
[authlib-injector] [INFO] Transformed [net.minecraft.client.player.AbstractClientPlayer] with [Constant URL Transformer]
[authlib-injector] [INFO] Transformed [com.mojang.authlib.HttpAuthenticationService] with [ConcatenateURL Workaround]
[authlib-injector] [INFO] Transformed [com.mojang.authlib.yggdrasil.YggdrasilEnvironment] with [Constant URL Transformer]
[authlib-injector] [INFO] Transformed [com.mojang.authlib.yggdrasil.YggdrasilServicesKeyInfo] with [Yggdrasil Public Key Transformer]
[authlib-injector] [INFO] Transformed [net.minecraft.server.network.ServerLoginPacketListenerImpl] with [Username Character Check Transformer]
[authlib-injector] [WARNING] An error occurred while processing request [/https/sessionserver.mojang.com/session/minecraft/profile/ab98a048791f3438b525689a6c1e5509]
java.io.UncheckedIOException: java.net.SocketException: Unexpected end of file from server
	at moe.yushi.authlibinjector.yggdrasil.YggdrasilClient.queryProfile(YggdrasilClient.java:92)
	at moe.yushi.authlibinjector.httpd.QueryProfileFilter.handle(QueryProfileFilter.java:82)
	at moe.yushi.authlibinjector.httpd.URLProcessor$1.serve(URLProcessor.java:142)
	at moe.yushi.authlibinjector.internal.fi.iki.elonen.HTTPSession.execute(HTTPSession.java:246)
	at moe.yushi.authlibinjector.internal.fi.iki.elonen.NanoHTTPD$ClientHandler.run(NanoHTTPD.java:104)
	at java.base/java.lang.Thread.run(Thread.java:840)
Caused by: java.net.SocketException: Unexpected end of file from server
	at java.base/sun.net.www.http.HttpClient.parseHTTPHeader(HttpClient.java:954)
	at java.base/sun.net.www.http.HttpClient.parseHTTP(HttpClient.java:761)
	at java.base/sun.net.www.http.HttpClient.parseHTTPHeader(HttpClient.java:951)
	at java.base/sun.net.www.http.HttpClient.parseHTTP(HttpClient.java:761)
	at java.base/sun.net.www.protocol.http.HttpURLConnection.getInputStream0(HttpURLConnection.java:1709)
	at java.base/sun.net.www.protocol.http.HttpURLConnection.getInputStream(HttpURLConnection.java:1610)
	at moe.yushi.authlibinjector.util.IOUtils.http(IOUtils.java:49)
	at moe.yushi.authlibinjector.yggdrasil.YggdrasilClient.queryProfile(YggdrasilClient.java:90)
	... 5 more

