[13:13:55] [REI-ReloadPlugins/ERROR] [REI] DefaultClientPluginImpl of DefaultClientPluginImpl [roughlyenoughitems] plugin failed to reloadable-plugin/EntryRegistryImpl/!
java.lang.RuntimeException: java.lang.reflect.InvocationTargetException
	at TRANSFORMER/roughlyenoughitems@12.1.750/me.shedaniel.rei.plugin.client.DefaultClientPlugin.collectTabs(DefaultClientPlugin.java:192)
	at TRANSFORMER/roughlyenoughitems@12.1.750/me.shedaniel.rei.plugin.client.DefaultClientPlugin.registerEntries(DefaultClientPlugin.java:151)
	at TRANSFORMER/roughlyenoughitems@12.1.750/me.shedaniel.rei.impl.common.entry.type.EntryRegistryImpl.acceptPlugin(EntryRegistryImpl.java:69)
	at TRANSFORMER/roughlyenoughitems@12.1.750/me.shedaniel.rei.impl.common.entry.type.EntryRegistryImpl.acceptPlugin(EntryRegistryImpl.java:51)
	at TRANSFORMER/roughlyenoughitems@12.1.750/me.shedaniel.rei.api.common.registry.Reloadable.acceptPlugin(Reloadable.java:78)
	at TRANSFORMER/roughlyenoughitems@12.1.750/me.shedaniel.rei.impl.common.plugins.PluginManagerImpl.lambda$startReload$9(PluginManagerImpl.java:417)
	at TRANSFORMER/roughlyenoughitems@12.1.750/me.shedaniel.rei.impl.common.plugins.PluginManagerImpl.lambda$pluginSection$4(PluginManagerImpl.java:199)
	at TRANSFORMER/roughlyenoughitems@12.1.750/me.shedaniel.rei.impl.common.plugins.PluginManagerImpl.lambda$startReload$10(PluginManagerImpl.java:407)
	at TRANSFORMER/roughlyenoughitems@12.1.750/me.shedaniel.rei.impl.common.plugins.PluginManagerImpl.pluginSection(PluginManagerImpl.java:197)
	at TRANSFORMER/roughlyenoughitems@12.1.750/me.shedaniel.rei.impl.common.plugins.PluginManagerImpl.startReload(PluginManagerImpl.java:405)
	at TRANSFORMER/roughlyenoughitems@12.1.750/me.shedaniel.rei.RoughlyEnoughItemsCore._reloadPlugins(RoughlyEnoughItemsCore.java:162)
	at TRANSFORMER/roughlyenoughitems@12.1.750/me.shedaniel.rei.RoughlyEnoughItemsCoreClient.lambda$reloadPlugins$25(RoughlyEnoughItemsCoreClient.java:485)
	at java.base/java.util.concurrent.CompletableFuture$AsyncRun.run(CompletableFuture.java:1804)
	at java.base/java.util.concurrent.Executors$RunnableAdapter.call(Executors.java:539)
	at java.base/java.util.concurrent.FutureTask.run(FutureTask.java:264)
	at java.base/java.util.concurrent.ScheduledThreadPoolExecutor$ScheduledFutureTask.run(ScheduledThreadPoolExecutor.java:304)
	at java.base/java.util.concurrent.ThreadPoolExecutor.runWorker(ThreadPoolExecutor.java:1136)
	at java.base/java.util.concurrent.ThreadPoolExecutor$Worker.run(ThreadPoolExecutor.java:635)
	at java.base/java.lang.Thread.run(Thread.java:840)
Caused by: java.lang.reflect.InvocationTargetException
	at java.base/jdk.internal.reflect.NativeMethodAccessorImpl.invoke0(Native Method)
	at java.base/jdk.internal.reflect.NativeMethodAccessorImpl.invoke(NativeMethodAccessorImpl.java:77)
	at java.base/jdk.internal.reflect.DelegatingMethodAccessorImpl.invoke(DelegatingMethodAccessorImpl.java:43)
	at java.base/java.lang.reflect.Method.invoke(Method.java:569)
	at TRANSFORMER/roughlyenoughitems@12.1.750/me.shedaniel.rei.plugin.client.DefaultClientPlugin.collectTabs(DefaultClientPlugin.java:190)
	... 18 more
Caused by: java.lang.NullPointerException: Cannot invoke "net.minecraft.client.player.LocalPlayer.m_9236_()" because "dev.architectury.utils.GameInstance.getClient().f_91074_" is null
	at TRANSFORMER/roughlyenoughitems@12.1.750/me.shedaniel.rei.api.common.display.basic.BasicDisplay.lambda$static$0(BasicDisplay.java:49)
	at TRANSFORMER/roughlyenoughitems@12.1.750/me.shedaniel.rei.api.common.display.basic.BasicDisplay.registryAccess(BasicDisplay.java:67)
	at TRANSFORMER/roughlyenoughitems@12.1.750/me.shedaniel.rei.impl.client.forge.CreativeModeTabCollectorImpl.collectTabs(CreativeModeTabCollectorImpl.java:47)
	... 23 more
