[17:40:18] [INIT] KubeJS 2001.6.5-build.14; MC 2001 forge
[17:40:18] [INIT] Loaded plugins:
[17:40:18] [INIT] - dev.latvian.mods.kubejs.forge.BuiltinKubeJSForgePlugin
[17:40:18] [INIT] - dev.latvian.mods.kubejs.forge.BuiltinKubeJSForgeClientPlugin
[17:40:18] [INIT] - com.gregtechceu.gtceu.integration.kjs.GregTechKubeJSPlugin
[17:40:18] [INIT] - com.lowdragmc.lowdraglib.kjs.LDLibKubeJSPlugin
[17:40:18] [INIT] - dev.ftb.mods.ftbxmodcompat.ftbquests.kubejs.KubeJSIntegration
[17:40:18] [INIT] - dev.ftb.mods.ftbxmodcompat.ftbchunks.kubejs.FTBChunksKubeJSPlugin
[17:40:18] [INIT] - dev.ftb.mods.ftbxmodcompat.ftbteams.kubejs.FTBTeamsKubeJSPlugin
[17:40:18] [INIT] - com.probejs.ProbeJSPlugin
[17:40:19] [INFO] material.js#2: Loaded Java class 'com.lowdragmc.lowdraglib.LDLib'
[17:40:19] [INFO] Loaded script startup_scripts:material.js in 0.078 s
[17:40:19] [INFO] Loaded script startup_scripts:item.js in 0.005 s
[17:40:19] [INFO] Loaded script startup_scripts:block.js in 0.007 s
[17:40:19] [INFO] Loaded script startup_scripts:recipe.js in 0.007 s
[17:40:19] [INFO] machine.js#2: Loaded Java class 'com.gregtechceu.gtceu.common.machine.multiblock.electric.SpaceElevator'
[17:40:19] [INFO] machine.js#3: Loaded Java class 'com.gregtechceu.gtceu.common.machine.multiblock.steam.LargeBoilerMachine'
[17:40:19] [INFO] machine.js#4: Loaded Java class 'com.gregtechceu.gtceu.common.machine.multiblock.generator.LargeTurbineMachine'
[17:40:19] [INFO] machine.js#5: Loaded Java class 'com.gregtechceu.gtceu.common.machine.multiblock.steam.SteamParallelMultiblockMachine'
[17:40:19] [INFO] machine.js#6: Loaded Java class 'com.gregtechceu.gtceu.api.machine.multiblock.CoilWorkableElectricMultiblockMachine'
[17:40:19] [INFO] machine.js#7: Loaded Java class 'com.gregtechceu.gtceu.common.machine.multiblock.electric.research.ComputationProviderMachine'
[17:40:19] [INFO] machine.js#8: Loaded Java class 'com.gregtechceu.gtceu.common.machine.multiblock.electric.Slaughterhouse'
[17:40:19] [INFO] machine.js#9: Loaded Java class 'com.gregtechceu.gtceu.common.machine.multiblock.generator.DysonSphere'
[17:40:19] [INFO] machine.js#10: Loaded Java class 'com.gregtechceu.gtceu.common.machine.multiblock.electric.StorageMachine'
[17:40:19] [INFO] machine.js#11: Loaded Java class 'com.gregtechceu.gtceu.common.machine.multiblock.electric.AssemblyLineMachine'
[17:40:19] [INFO] machine.js#12: Loaded Java class 'com.gregtechceu.gtceu.common.machine.multiblock.electric.FissionReactorMachine'
[17:40:19] [INFO] machine.js#13: Loaded Java class 'com.gregtechceu.gtceu.common.machine.multiblock.electric.TierCasingMachine'
[17:40:19] [INFO] machine.js#14: Loaded Java class 'com.gregtechceu.gtceu.api.capability.recipe.ItemRecipeCapability'
[17:40:19] [INFO] machine.js#15: Loaded Java class 'com.gregtechceu.gtceu.api.recipe.RecipeHelper'
[17:40:19] [INFO] machine.js#16: Loaded Java class 'com.hepdd.gtmthings.utils.TeamUtil'
[17:40:19] [INFO] machine.js#17: Loaded Java class 'com.gregtechceu.gtceu.utils.FormattingUtil'
[17:40:19] [INFO] machine.js#18: Loaded Java class 'com.hepdd.gtmthings.api.misc.WirelessEnergyManager'
[17:40:19] [INFO] machine.js#19: Loaded Java class 'java.math.BigInteger'
[17:40:19] [INFO] machine.js#20: Loaded Java class 'com.gregtechceu.gtceu.api.capability.GTCapabilityHelper'
[17:40:19] [INFO] Loaded script startup_scripts:machine.js in 0.188 s
[17:40:19] [INFO] Loaded script startup_scripts:ores.js in 0.002 s
[17:40:19] [INFO] Loaded script startup_scripts:ArcGenerator.js in 0.002 s
[17:40:19] [INFO] Loaded script startup_scripts:extractor_core.js in 0.001 s
[17:40:19] [INFO] Loaded script startup_scripts:GTLCECoreCustomMaterialOfGTCEU.js in 0.0 s
[17:40:19] [INFO] Loaded script startup_scripts:key.js in 0.0 s
[17:40:19] [INFO] Loaded script startup_scripts:platinum_processor.js in 0.001 s
[17:40:19] [INFO] Loaded script startup_scripts:tips.js in 0.002 s
[17:40:19] [INFO] Loaded 12/12 KubeJS startup scripts in 0.693 s with 0 errors and 0 warnings
[17:40:19] [INFO] key.js#3: Loaded Java class 'net.minecraft.client.KeyMapping'
[17:40:19] [INFO] key.js#4: Loaded Java class 'org.lwjgl.glfw.GLFW'
[17:40:19] [INFO] key.js#5: Loaded Java class 'dev.architectury.registry.client.keymappings.KeyMappingRegistry'
[17:40:21] [INFO] material.js#67: Loaded Java class 'com.gregtechceu.gtceu.api.data.chemical.material.properties.DustProperty'
[17:40:21] [INFO] material.js#68: Loaded Java class 'com.gregtechceu.gtceu.api.data.chemical.material.properties.IngotProperty'
[17:40:21] [INFO] material.js#69: Loaded Java class 'com.gregtechceu.gtceu.api.data.chemical.material.properties.FluidProperty'
[17:40:21] [INFO] material.js#70: Loaded Java class 'com.gregtechceu.gtceu.api.data.chemical.material.properties.WireProperties'
[17:40:21] [INFO] material.js#71: Loaded Java class 'com.gregtechceu.gtceu.api.data.chemical.material.properties.OreProperty'
[17:40:21] [INFO] material.js#72: Loaded Java class 'com.gregtechceu.gtceu.api.data.chemical.material.properties.BlastProperty'
[17:40:21] [INFO] material.js#73: Loaded Java class 'com.gregtechceu.gtceu.api.data.chemical.material.info.MaterialFlag'
[17:40:21] [INFO] material.js#765: Loaded Java class 'com.gregtechceu.gtceu.api.data.chemical.material.info.CustomRendererMaterialIconSet'
[17:40:21] [INFO] ores.js#11: Loaded Java class 'net.minecraft.world.level.block.state.BlockBehaviour'
[17:40:21] [INFO] ores.js#12: Loaded Java class 'net.minecraft.tags.BlockTags'
[17:40:21] [INFO] recipe.js#3: Loaded Java class 'com.lowdragmc.lowdraglib.utils.LocalizationUtils'
[17:40:21] [INFO] recipe.js#5: Loaded Java class 'com.gregtechceu.gtceu.api.block.ICoilType'
[17:40:21] [INFO] recipe.js#6: Loaded Java class 'java.util.ArrayList'
[17:40:21] [INFO] recipe.js#7: Loaded Java class 'net.minecraft.world.item.ItemStack'
[17:40:21] [INFO] recipe.js#8: Loaded Java class 'com.lowdragmc.lowdraglib.utils.CycleItemStackHandler'
[17:40:21] [INFO] recipe.js#9: Loaded Java class 'net.minecraft.client.resources.language.I18n'
[17:40:21] [INFO] recipe.js#10: Loaded Java class 'com.gregtechceu.gtceu.data.recipe.GenerateDisassembly'
[17:40:21] [INFO] recipe.js#11: Loaded Java class 'com.gregtechceu.gtceu.utils.ResearchManager'
[17:41:14] [INFO] tips.js#3: Loaded Java class 'com.gregtechceu.gtceu.utils.TextUtil'
